{"/Users/kelvintan/Documents/Project/payslip/src/controllers/attendanceController.js": {"path":"/Users/kelvintan/Documents/Project/payslip/src/controllers/attendanceController.js","statementMap":{"0":{"start":{"line":5,"column":4},"end":{"line":33,"column":5}},"1":{"start":{"line":6,"column":37},"end":{"line":6,"column":45}},"2":{"start":{"line":7,"column":20},"end":{"line":7,"column":39}},"3":{"start":{"line":8,"column":18},"end":{"line":8,"column":35}},"4":{"start":{"line":9,"column":20},"end":{"line":9,"column":30}},"5":{"start":{"line":10,"column":6},"end":{"line":10,"column":36}},"6":{"start":{"line":12,"column":22},"end":{"line":12,"column":33}},"7":{"start":{"line":14,"column":6},"end":{"line":18,"column":7}},"8":{"start":{"line":15,"column":8},"end":{"line":17,"column":69}},"9":{"start":{"line":19,"column":6},"end":{"line":23,"column":7}},"10":{"start":{"line":20,"column":8},"end":{"line":22,"column":67}},"11":{"start":{"line":25,"column":25},"end":{"line":29,"column":7}},"12":{"start":{"line":30,"column":6},"end":{"line":30,"column":53}},"13":{"start":{"line":32,"column":6},"end":{"line":32,"column":55}},"14":{"start":{"line":37,"column":8},"end":{"line":56,"column":9}},"15":{"start":{"line":38,"column":35},"end":{"line":38,"column":43}},"16":{"start":{"line":39,"column":24},"end":{"line":39,"column":35}},"17":{"start":{"line":40,"column":21},"end":{"line":40,"column":45}},"18":{"start":{"line":41,"column":22},"end":{"line":41,"column":32}},"19":{"start":{"line":42,"column":8},"end":{"line":42,"column":38}},"20":{"start":{"line":44,"column":8},"end":{"line":46,"column":9}},"21":{"start":{"line":45,"column":12},"end":{"line":45,"column":84}},"22":{"start":{"line":48,"column":27},"end":{"line":51,"column":9}},"23":{"start":{"line":53,"column":8},"end":{"line":53,"column":55}},"24":{"start":{"line":55,"column":8},"end":{"line":55,"column":57}}},"fnMap":{"0":{"name":"(anonymous_0)","decl":{"start":{"line":4,"column":2},"end":{"line":4,"column":3}},"loc":{"start":{"line":4,"column":41},"end":{"line":34,"column":3}},"line":4},"1":{"name":"(anonymous_1)","decl":{"start":{"line":36,"column":4},"end":{"line":36,"column":5}},"loc":{"start":{"line":36,"column":37},"end":{"line":57,"column":5}},"line":36}},"branchMap":{"0":{"loc":{"start":{"line":14,"column":6},"end":{"line":18,"column":7}},"type":"if","locations":[{"start":{"line":14,"column":6},"end":{"line":18,"column":7}},{"start":{},"end":{}}],"line":14},"1":{"loc":{"start":{"line":14,"column":10},"end":{"line":14,"column":36}},"type":"binary-expr","locations":[{"start":{"line":14,"column":10},"end":{"line":14,"column":22}},{"start":{"line":14,"column":26},"end":{"line":14,"column":36}}],"line":14},"2":{"loc":{"start":{"line":19,"column":6},"end":{"line":23,"column":7}},"type":"if","locations":[{"start":{"line":19,"column":6},"end":{"line":23,"column":7}},{"start":{},"end":{}}],"line":19},"3":{"loc":{"start":{"line":44,"column":8},"end":{"line":46,"column":9}},"type":"if","locations":[{"start":{"line":44,"column":8},"end":{"line":46,"column":9}},{"start":{},"end":{}}],"line":44}},"s":{"0":4,"1":4,"2":4,"3":4,"4":4,"5":4,"6":4,"7":4,"8":1,"9":3,"10":1,"11":2,"12":1,"13":1,"14":3,"15":3,"16":3,"17":3,"18":3,"19":3,"20":3,"21":1,"22":2,"23":1,"24":1},"f":{"0":4,"1":3},"b":{"0":[1,3],"1":[4,3],"2":[1,2],"3":[1,2]},"inputSourceMap":null,"_coverageSchema":"1a1c01bbd47fc00a2c39e90264f33305004495a9","hash":"062f82b3ca31e6139e72169252eac0b877f16b2f"}
,"/Users/kelvintan/Documents/Project/payslip/src/controllers/authController.js": {"path":"/Users/kelvintan/Documents/Project/payslip/src/controllers/authController.js","statementMap":{"0":{"start":{"line":6,"column":39},"end":{"line":6,"column":47}},"1":{"start":{"line":7,"column":23},"end":{"line":7,"column":74}},"2":{"start":{"line":8,"column":8},"end":{"line":10,"column":9}},"3":{"start":{"line":9,"column":8},"end":{"line":9,"column":54}},"4":{"start":{"line":11,"column":22},"end":{"line":19,"column":9}},"5":{"start":{"line":20,"column":8},"end":{"line":27,"column":11}},"6":{"start":{"line":31,"column":39},"end":{"line":31,"column":47}},"7":{"start":{"line":32,"column":23},"end":{"line":32,"column":77}},"8":{"start":{"line":33,"column":8},"end":{"line":35,"column":9}},"9":{"start":{"line":34,"column":8},"end":{"line":34,"column":54}},"10":{"start":{"line":36,"column":22},"end":{"line":44,"column":13}},"11":{"start":{"line":45,"column":8},"end":{"line":52,"column":11}}},"fnMap":{"0":{"name":"(anonymous_0)","decl":{"start":{"line":5,"column":4},"end":{"line":5,"column":5}},"loc":{"start":{"line":5,"column":31},"end":{"line":28,"column":5}},"line":5},"1":{"name":"(anonymous_1)","decl":{"start":{"line":30,"column":4},"end":{"line":30,"column":5}},"loc":{"start":{"line":30,"column":34},"end":{"line":53,"column":5}},"line":30}},"branchMap":{"0":{"loc":{"start":{"line":8,"column":8},"end":{"line":10,"column":9}},"type":"if","locations":[{"start":{"line":8,"column":8},"end":{"line":10,"column":9}},{"start":{},"end":{}}],"line":8},"1":{"loc":{"start":{"line":33,"column":8},"end":{"line":35,"column":9}},"type":"if","locations":[{"start":{"line":33,"column":8},"end":{"line":35,"column":9}},{"start":{},"end":{}}],"line":33}},"s":{"0":2,"1":2,"2":2,"3":1,"4":1,"5":1,"6":2,"7":2,"8":2,"9":1,"10":1,"11":1},"f":{"0":2,"1":2},"b":{"0":[1,1],"1":[1,1]},"inputSourceMap":null,"_coverageSchema":"1a1c01bbd47fc00a2c39e90264f33305004495a9","hash":"ec63691d9adc432e348cd8c03c3809d8cceaf9cf"}
,"/Users/kelvintan/Documents/Project/payslip/src/controllers/overtimeController.js": {"path":"/Users/kelvintan/Documents/Project/payslip/src/controllers/overtimeController.js","statementMap":{"0":{"start":{"line":5,"column":4},"end":{"line":81,"column":5}},"1":{"start":{"line":6,"column":22},"end":{"line":6,"column":33}},"2":{"start":{"line":7,"column":36},"end":{"line":7,"column":44}},"3":{"start":{"line":8,"column":19},"end":{"line":8,"column":39}},"4":{"start":{"line":9,"column":19},"end":{"line":9,"column":36}},"5":{"start":{"line":11,"column":18},"end":{"line":11,"column":28}},"6":{"start":{"line":13,"column":25},"end":{"line":13,"column":43}},"7":{"start":{"line":14,"column":26},"end":{"line":14,"column":41}},"8":{"start":{"line":15,"column":24},"end":{"line":15,"column":38}},"9":{"start":{"line":17,"column":24},"end":{"line":17,"column":41}},"10":{"start":{"line":18,"column":25},"end":{"line":18,"column":39}},"11":{"start":{"line":19,"column":23},"end":{"line":19,"column":36}},"12":{"start":{"line":22,"column":8},"end":{"line":26,"column":31}},"13":{"start":{"line":28,"column":6},"end":{"line":34,"column":7}},"14":{"start":{"line":29,"column":8},"end":{"line":33,"column":11}},"15":{"start":{"line":37,"column":8},"end":{"line":39,"column":30}},"16":{"start":{"line":41,"column":6},"end":{"line":51,"column":7}},"17":{"start":{"line":42,"column":28},"end":{"line":42,"column":45}},"18":{"start":{"line":43,"column":8},"end":{"line":50,"column":9}},"19":{"start":{"line":44,"column":10},"end":{"line":49,"column":13}},"20":{"start":{"line":53,"column":6},"end":{"line":59,"column":7}},"21":{"start":{"line":54,"column":8},"end":{"line":58,"column":11}},"22":{"start":{"line":61,"column":6},"end":{"line":67,"column":7}},"23":{"start":{"line":62,"column":8},"end":{"line":66,"column":11}},"24":{"start":{"line":69,"column":23},"end":{"line":73,"column":7}},"25":{"start":{"line":74,"column":6},"end":{"line":74,"column":56}},"26":{"start":{"line":76,"column":6},"end":{"line":80,"column":9}}},"fnMap":{"0":{"name":"(anonymous_0)","decl":{"start":{"line":4,"column":2},"end":{"line":4,"column":3}},"loc":{"start":{"line":4,"column":33},"end":{"line":82,"column":3}},"line":4}},"branchMap":{"0":{"loc":{"start":{"line":22,"column":8},"end":{"line":26,"column":31}},"type":"binary-expr","locations":[{"start":{"line":22,"column":8},"end":{"line":22,"column":30}},{"start":{"line":23,"column":9},"end":{"line":23,"column":33}},{"start":{"line":23,"column":37},"end":{"line":23,"column":61}},{"start":{"line":24,"column":9},"end":{"line":24,"column":33}},{"start":{"line":25,"column":10},"end":{"line":25,"column":36}},{"start":{"line":26,"column":10},"end":{"line":26,"column":30}}],"line":22},"1":{"loc":{"start":{"line":28,"column":6},"end":{"line":34,"column":7}},"type":"if","locations":[{"start":{"line":28,"column":6},"end":{"line":34,"column":7}},{"start":{},"end":{}}],"line":28},"2":{"loc":{"start":{"line":37,"column":8},"end":{"line":39,"column":30}},"type":"binary-expr","locations":[{"start":{"line":37,"column":8},"end":{"line":37,"column":32}},{"start":{"line":38,"column":8},"end":{"line":38,"column":34}},{"start":{"line":39,"column":8},"end":{"line":39,"column":30}}],"line":37},"3":{"loc":{"start":{"line":41,"column":6},"end":{"line":51,"column":7}},"type":"if","locations":[{"start":{"line":41,"column":6},"end":{"line":51,"column":7}},{"start":{},"end":{}}],"line":41},"4":{"loc":{"start":{"line":43,"column":8},"end":{"line":50,"column":9}},"type":"if","locations":[{"start":{"line":43,"column":8},"end":{"line":50,"column":9}},{"start":{},"end":{}}],"line":43},"5":{"loc":{"start":{"line":53,"column":6},"end":{"line":59,"column":7}},"type":"if","locations":[{"start":{"line":53,"column":6},"end":{"line":59,"column":7}},{"start":{},"end":{}}],"line":53},"6":{"loc":{"start":{"line":61,"column":6},"end":{"line":67,"column":7}},"type":"if","locations":[{"start":{"line":61,"column":6},"end":{"line":67,"column":7}},{"start":{},"end":{}}],"line":61}},"s":{"0":7,"1":7,"2":7,"3":7,"4":7,"5":7,"6":7,"7":7,"8":7,"9":7,"10":7,"11":7,"12":7,"13":7,"14":1,"15":6,"16":6,"17":1,"18":1,"19":1,"20":5,"21":1,"22":4,"23":1,"24":3,"25":2,"26":1},"f":{"0":7},"b":{"0":[7,7,7,7,7,7],"1":[1,6],"2":[6,6,6],"3":[1,5],"4":[1,0],"5":[1,4],"6":[1,3]},"inputSourceMap":null,"_coverageSchema":"1a1c01bbd47fc00a2c39e90264f33305004495a9","hash":"722a0dbf4d47d1b7a999f66f957a0aebcb4efb0f"}
,"/Users/kelvintan/Documents/Project/payslip/src/controllers/payrollController.js": {"path":"/Users/kelvintan/Documents/Project/payslip/src/controllers/payrollController.js","statementMap":{"0":{"start":{"line":5,"column":8},"end":{"line":23,"column":9}},"1":{"start":{"line":6,"column":41},"end":{"line":6,"column":49}},"2":{"start":{"line":7,"column":28},"end":{"line":7,"column":39}},"3":{"start":{"line":8,"column":12},"end":{"line":12,"column":13}},"4":{"start":{"line":9,"column":16},"end":{"line":11,"column":19}},"5":{"start":{"line":16,"column":28},"end":{"line":16,"column":88}},"6":{"start":{"line":17,"column":12},"end":{"line":17,"column":60}},"7":{"start":{"line":20,"column":12},"end":{"line":22,"column":15}}},"fnMap":{"0":{"name":"(anonymous_0)","decl":{"start":{"line":4,"column":4},"end":{"line":4,"column":5}},"loc":{"start":{"line":4,"column":31},"end":{"line":24,"column":5}},"line":4}},"branchMap":{"0":{"loc":{"start":{"line":8,"column":12},"end":{"line":12,"column":13}},"type":"if","locations":[{"start":{"line":8,"column":12},"end":{"line":12,"column":13}},{"start":{},"end":{}}],"line":8}},"s":{"0":3,"1":3,"2":3,"3":3,"4":1,"5":2,"6":1,"7":1},"f":{"0":3},"b":{"0":[1,2]},"inputSourceMap":null,"_coverageSchema":"1a1c01bbd47fc00a2c39e90264f33305004495a9","hash":"c055b19efcde31b3ce6a17d885a0982a4c9d1cdc"}
,"/Users/kelvintan/Documents/Project/payslip/src/controllers/payslipController.js": {"path":"/Users/kelvintan/Documents/Project/payslip/src/controllers/payslipController.js","statementMap":{"0":{"start":{"line":5,"column":30},"end":{"line":5,"column":40}},"1":{"start":{"line":6,"column":24},"end":{"line":6,"column":35}},"2":{"start":{"line":7,"column":8},"end":{"line":13,"column":9}},"3":{"start":{"line":8,"column":12},"end":{"line":12,"column":15}},"4":{"start":{"line":14,"column":23},"end":{"line":14,"column":96}},"5":{"start":{"line":15,"column":8},"end":{"line":15,"column":54}},"6":{"start":{"line":19,"column":30},"end":{"line":19,"column":40}},"7":{"start":{"line":20,"column":8},"end":{"line":26,"column":9}},"8":{"start":{"line":21,"column":12},"end":{"line":25,"column":15}},"9":{"start":{"line":27,"column":23},"end":{"line":27,"column":87}},"10":{"start":{"line":28,"column":8},"end":{"line":28,"column":54}}},"fnMap":{"0":{"name":"(anonymous_0)","decl":{"start":{"line":4,"column":4},"end":{"line":4,"column":5}},"loc":{"start":{"line":4,"column":36},"end":{"line":16,"column":5}},"line":4},"1":{"name":"(anonymous_1)","decl":{"start":{"line":18,"column":4},"end":{"line":18,"column":5}},"loc":{"start":{"line":18,"column":43},"end":{"line":29,"column":5}},"line":18}},"branchMap":{"0":{"loc":{"start":{"line":7,"column":8},"end":{"line":13,"column":9}},"type":"if","locations":[{"start":{"line":7,"column":8},"end":{"line":13,"column":9}},{"start":{},"end":{}}],"line":7},"1":{"loc":{"start":{"line":20,"column":8},"end":{"line":26,"column":9}},"type":"if","locations":[{"start":{"line":20,"column":8},"end":{"line":26,"column":9}},{"start":{},"end":{}}],"line":20}},"s":{"0":2,"1":2,"2":2,"3":1,"4":1,"5":1,"6":2,"7":2,"8":1,"9":1,"10":1},"f":{"0":2,"1":2},"b":{"0":[1,1],"1":[1,1]},"inputSourceMap":null,"_coverageSchema":"1a1c01bbd47fc00a2c39e90264f33305004495a9","hash":"ff90f9e138f5d31363af4eb96e2f891c580650b4"}
,"/Users/kelvintan/Documents/Project/payslip/src/controllers/reimburseController.js": {"path":"/Users/kelvintan/Documents/Project/payslip/src/controllers/reimburseController.js","statementMap":{"0":{"start":{"line":5,"column":8},"end":{"line":30,"column":9}},"1":{"start":{"line":6,"column":59},"end":{"line":6,"column":67}},"2":{"start":{"line":7,"column":28},"end":{"line":7,"column":39}},"3":{"start":{"line":8,"column":25},"end":{"line":8,"column":48}},"4":{"start":{"line":10,"column":12},"end":{"line":16,"column":13}},"5":{"start":{"line":11,"column":16},"end":{"line":15,"column":19}},"6":{"start":{"line":17,"column":30},"end":{"line":22,"column":13}},"7":{"start":{"line":23,"column":12},"end":{"line":23,"column":64}},"8":{"start":{"line":25,"column":8},"end":{"line":29,"column":11}}},"fnMap":{"0":{"name":"(anonymous_0)","decl":{"start":{"line":4,"column":4},"end":{"line":4,"column":5}},"loc":{"start":{"line":4,"column":36},"end":{"line":31,"column":5}},"line":4}},"branchMap":{"0":{"loc":{"start":{"line":10,"column":12},"end":{"line":16,"column":13}},"type":"if","locations":[{"start":{"line":10,"column":12},"end":{"line":16,"column":13}},{"start":{},"end":{}}],"line":10},"1":{"loc":{"start":{"line":10,"column":16},"end":{"line":10,"column":57}},"type":"binary-expr","locations":[{"start":{"line":10,"column":16},"end":{"line":10,"column":23}},{"start":{"line":10,"column":27},"end":{"line":10,"column":39}},{"start":{"line":10,"column":43},"end":{"line":10,"column":57}}],"line":10}},"s":{"0":3,"1":3,"2":3,"3":3,"4":3,"5":1,"6":2,"7":1,"8":1},"f":{"0":3},"b":{"0":[1,2],"1":[3,2,2]},"inputSourceMap":null,"_coverageSchema":"1a1c01bbd47fc00a2c39e90264f33305004495a9","hash":"710ad5d498f25b41b4657ccab48785e6c8379da0"}
,"/Users/kelvintan/Documents/Project/payslip/src/repositories/attendanceRepository.js": {"path":"/Users/kelvintan/Documents/Project/payslip/src/repositories/attendanceRepository.js","statementMap":{"0":{"start":{"line":3,"column":23},"end":{"line":5,"column":10}},"1":{"start":{"line":6,"column":8},"end":{"line":6,"column":22}},"2":{"start":{"line":10,"column":23},"end":{"line":12,"column":10}},"3":{"start":{"line":13,"column":8},"end":{"line":13,"column":22}},"4":{"start":{"line":17,"column":23},"end":{"line":22,"column":10}},"5":{"start":{"line":23,"column":8},"end":{"line":23,"column":22}}},"fnMap":{"0":{"name":"(anonymous_0)","decl":{"start":{"line":2,"column":4},"end":{"line":2,"column":5}},"loc":{"start":{"line":2,"column":43},"end":{"line":7,"column":5}},"line":2},"1":{"name":"(anonymous_1)","decl":{"start":{"line":9,"column":4},"end":{"line":9,"column":5}},"loc":{"start":{"line":9,"column":37},"end":{"line":14,"column":5}},"line":9},"2":{"name":"(anonymous_2)","decl":{"start":{"line":16,"column":4},"end":{"line":16,"column":5}},"loc":{"start":{"line":16,"column":65},"end":{"line":24,"column":5}},"line":16}},"branchMap":{},"s":{"0":1,"1":1,"2":1,"3":1,"4":1,"5":1},"f":{"0":1,"1":1,"2":1},"b":{},"inputSourceMap":null,"_coverageSchema":"1a1c01bbd47fc00a2c39e90264f33305004495a9","hash":"1842b6e7278886a30c4277866720bf3c8c6adff5"}
,"/Users/kelvintan/Documents/Project/payslip/src/repositories/auditLogRepository.js": {"path":"/Users/kelvintan/Documents/Project/payslip/src/repositories/auditLogRepository.js","statementMap":{"0":{"start":{"line":3,"column":8},"end":{"line":14,"column":11}},"1":{"start":{"line":18,"column":8},"end":{"line":32,"column":11}}},"fnMap":{"0":{"name":"(anonymous_0)","decl":{"start":{"line":2,"column":4},"end":{"line":2,"column":5}},"loc":{"start":{"line":2,"column":76},"end":{"line":15,"column":5}},"line":2},"1":{"name":"(anonymous_1)","decl":{"start":{"line":17,"column":4},"end":{"line":17,"column":5}},"loc":{"start":{"line":17,"column":85},"end":{"line":33,"column":5}},"line":17}},"branchMap":{},"s":{"0":1,"1":1},"f":{"0":1,"1":1},"b":{},"inputSourceMap":null,"_coverageSchema":"1a1c01bbd47fc00a2c39e90264f33305004495a9","hash":"ecdeb0529fb1646ab7c87c593870da8b2174ea7f"}
,"/Users/kelvintan/Documents/Project/payslip/src/repositories/authRepository.js": {"path":"/Users/kelvintan/Documents/Project/payslip/src/repositories/authRepository.js","statementMap":{"0":{"start":{"line":5,"column":22},"end":{"line":9,"column":10}},"1":{"start":{"line":10,"column":8},"end":{"line":10,"column":21}},"2":{"start":{"line":14,"column":25},"end":{"line":18,"column":10}},"3":{"start":{"line":19,"column":8},"end":{"line":19,"column":24}}},"fnMap":{"0":{"name":"(anonymous_0)","decl":{"start":{"line":4,"column":4},"end":{"line":4,"column":5}},"loc":{"start":{"line":4,"column":39},"end":{"line":11,"column":5}},"line":4},"1":{"name":"(anonymous_1)","decl":{"start":{"line":13,"column":4},"end":{"line":13,"column":5}},"loc":{"start":{"line":13,"column":42},"end":{"line":20,"column":5}},"line":13}},"branchMap":{},"s":{"0":2,"1":2,"2":2,"3":2},"f":{"0":2,"1":2},"b":{},"inputSourceMap":null,"_coverageSchema":"1a1c01bbd47fc00a2c39e90264f33305004495a9","hash":"2b9ffba9b6667900541d85539c1362d38d4fce44"}
,"/Users/kelvintan/Documents/Project/payslip/src/repositories/overtimeRepository.js": {"path":"/Users/kelvintan/Documents/Project/payslip/src/repositories/overtimeRepository.js","statementMap":{"0":{"start":{"line":3,"column":25},"end":{"line":8,"column":10}},"1":{"start":{"line":9,"column":8},"end":{"line":9,"column":24}},"2":{"start":{"line":13,"column":25},"end":{"line":15,"column":10}},"3":{"start":{"line":16,"column":8},"end":{"line":16,"column":24}}},"fnMap":{"0":{"name":"(anonymous_0)","decl":{"start":{"line":2,"column":4},"end":{"line":2,"column":5}},"loc":{"start":{"line":2,"column":63},"end":{"line":10,"column":5}},"line":2},"1":{"name":"(anonymous_1)","decl":{"start":{"line":12,"column":4},"end":{"line":12,"column":5}},"loc":{"start":{"line":12,"column":35},"end":{"line":17,"column":5}},"line":12}},"branchMap":{},"s":{"0":2,"1":2,"2":1,"3":1},"f":{"0":2,"1":1},"b":{},"inputSourceMap":null,"_coverageSchema":"1a1c01bbd47fc00a2c39e90264f33305004495a9","hash":"fc678aff5a5cf6524908a803e53d1545a8173bd4"}
,"/Users/kelvintan/Documents/Project/payslip/src/repositories/payrollRepository.js": {"path":"/Users/kelvintan/Documents/Project/payslip/src/repositories/payrollRepository.js","statementMap":{"0":{"start":{"line":3,"column":23},"end":{"line":10,"column":10}},"1":{"start":{"line":11,"column":8},"end":{"line":11,"column":22}},"2":{"start":{"line":15,"column":23},"end":{"line":19,"column":10}},"3":{"start":{"line":20,"column":8},"end":{"line":20,"column":22}},"4":{"start":{"line":24,"column":23},"end":{"line":28,"column":10}},"5":{"start":{"line":29,"column":8},"end":{"line":29,"column":22}},"6":{"start":{"line":33,"column":23},"end":{"line":40,"column":10}},"7":{"start":{"line":41,"column":8},"end":{"line":41,"column":22}},"8":{"start":{"line":45,"column":23},"end":{"line":52,"column":10}},"9":{"start":{"line":53,"column":8},"end":{"line":53,"column":22}},"10":{"start":{"line":57,"column":23},"end":{"line":64,"column":10}},"11":{"start":{"line":65,"column":8},"end":{"line":65,"column":22}},"12":{"start":{"line":69,"column":23},"end":{"line":71,"column":10}},"13":{"start":{"line":72,"column":8},"end":{"line":72,"column":22}}},"fnMap":{"0":{"name":"(anonymous_0)","decl":{"start":{"line":2,"column":4},"end":{"line":2,"column":5}},"loc":{"start":{"line":2,"column":45},"end":{"line":12,"column":5}},"line":2},"1":{"name":"(anonymous_1)","decl":{"start":{"line":14,"column":4},"end":{"line":14,"column":5}},"loc":{"start":{"line":14,"column":54},"end":{"line":21,"column":5}},"line":14},"2":{"name":"(anonymous_2)","decl":{"start":{"line":23,"column":4},"end":{"line":23,"column":5}},"loc":{"start":{"line":23,"column":33},"end":{"line":30,"column":5}},"line":23},"3":{"name":"(anonymous_3)","decl":{"start":{"line":32,"column":4},"end":{"line":32,"column":5}},"loc":{"start":{"line":32,"column":55},"end":{"line":42,"column":5}},"line":32},"4":{"name":"(anonymous_4)","decl":{"start":{"line":44,"column":4},"end":{"line":44,"column":5}},"loc":{"start":{"line":44,"column":60},"end":{"line":54,"column":5}},"line":44},"5":{"name":"(anonymous_5)","decl":{"start":{"line":56,"column":4},"end":{"line":56,"column":5}},"loc":{"start":{"line":56,"column":57},"end":{"line":66,"column":5}},"line":56},"6":{"name":"(anonymous_6)","decl":{"start":{"line":68,"column":4},"end":{"line":68,"column":5}},"loc":{"start":{"line":68,"column":34},"end":{"line":73,"column":5}},"line":68}},"branchMap":{},"s":{"0":1,"1":1,"2":1,"3":1,"4":1,"5":1,"6":1,"7":1,"8":1,"9":1,"10":1,"11":1,"12":1,"13":1},"f":{"0":1,"1":1,"2":1,"3":1,"4":1,"5":1,"6":1},"b":{},"inputSourceMap":null,"_coverageSchema":"1a1c01bbd47fc00a2c39e90264f33305004495a9","hash":"bf95e6cdbad665eb44550c4a1a2023d11ed53a50"}
,"/Users/kelvintan/Documents/Project/payslip/src/repositories/payslipRepository.js": {"path":"/Users/kelvintan/Documents/Project/payslip/src/repositories/payslipRepository.js","statementMap":{"0":{"start":{"line":3,"column":23},"end":{"line":5,"column":10}},"1":{"start":{"line":6,"column":8},"end":{"line":6,"column":22}},"2":{"start":{"line":10,"column":23},"end":{"line":14,"column":10}},"3":{"start":{"line":15,"column":8},"end":{"line":15,"column":22}},"4":{"start":{"line":19,"column":23},"end":{"line":24,"column":10}},"5":{"start":{"line":25,"column":8},"end":{"line":25,"column":22}},"6":{"start":{"line":29,"column":23},"end":{"line":33,"column":10}},"7":{"start":{"line":34,"column":8},"end":{"line":34,"column":22}},"8":{"start":{"line":38,"column":23},"end":{"line":43,"column":10}},"9":{"start":{"line":44,"column":8},"end":{"line":44,"column":22}},"10":{"start":{"line":48,"column":23},"end":{"line":56,"column":10}},"11":{"start":{"line":57,"column":8},"end":{"line":57,"column":22}},"12":{"start":{"line":61,"column":23},"end":{"line":68,"column":10}},"13":{"start":{"line":69,"column":8},"end":{"line":69,"column":22}},"14":{"start":{"line":73,"column":23},"end":{"line":81,"column":10}},"15":{"start":{"line":82,"column":8},"end":{"line":82,"column":22}}},"fnMap":{"0":{"name":"(anonymous_0)","decl":{"start":{"line":2,"column":4},"end":{"line":2,"column":5}},"loc":{"start":{"line":2,"column":34},"end":{"line":7,"column":5}},"line":2},"1":{"name":"(anonymous_1)","decl":{"start":{"line":9,"column":4},"end":{"line":9,"column":5}},"loc":{"start":{"line":9,"column":42},"end":{"line":16,"column":5}},"line":9},"2":{"name":"(anonymous_2)","decl":{"start":{"line":18,"column":4},"end":{"line":18,"column":5}},"loc":{"start":{"line":18,"column":34},"end":{"line":26,"column":5}},"line":18},"3":{"name":"(anonymous_3)","decl":{"start":{"line":28,"column":4},"end":{"line":28,"column":5}},"loc":{"start":{"line":28,"column":33},"end":{"line":35,"column":5}},"line":28},"4":{"name":"(anonymous_4)","decl":{"start":{"line":37,"column":4},"end":{"line":37,"column":5}},"loc":{"start":{"line":37,"column":72},"end":{"line":45,"column":5}},"line":37},"5":{"name":"(anonymous_5)","decl":{"start":{"line":47,"column":4},"end":{"line":47,"column":5}},"loc":{"start":{"line":47,"column":84},"end":{"line":58,"column":5}},"line":47},"6":{"name":"(anonymous_6)","decl":{"start":{"line":60,"column":4},"end":{"line":60,"column":5}},"loc":{"start":{"line":60,"column":47},"end":{"line":70,"column":5}},"line":60},"7":{"name":"(anonymous_7)","decl":{"start":{"line":72,"column":4},"end":{"line":72,"column":5}},"loc":{"start":{"line":72,"column":77},"end":{"line":83,"column":5}},"line":72}},"branchMap":{},"s":{"0":1,"1":1,"2":1,"3":1,"4":1,"5":1,"6":1,"7":1,"8":1,"9":1,"10":1,"11":1,"12":1,"13":1,"14":1,"15":1},"f":{"0":1,"1":1,"2":1,"3":1,"4":1,"5":1,"6":1,"7":1},"b":{},"inputSourceMap":null,"_coverageSchema":"1a1c01bbd47fc00a2c39e90264f33305004495a9","hash":"708b770c2d065edec5d130cc8daeebacf73012cc"}
,"/Users/kelvintan/Documents/Project/payslip/src/repositories/reimburseRepository.js": {"path":"/Users/kelvintan/Documents/Project/payslip/src/repositories/reimburseRepository.js","statementMap":{"0":{"start":{"line":3,"column":26},"end":{"line":5,"column":10}},"1":{"start":{"line":6,"column":8},"end":{"line":6,"column":25}}},"fnMap":{"0":{"name":"(anonymous_0)","decl":{"start":{"line":2,"column":4},"end":{"line":2,"column":5}},"loc":{"start":{"line":2,"column":36},"end":{"line":7,"column":5}},"line":2}},"branchMap":{},"s":{"0":1,"1":1},"f":{"0":1},"b":{},"inputSourceMap":null,"_coverageSchema":"1a1c01bbd47fc00a2c39e90264f33305004495a9","hash":"0c523a6ec82287fe8087a9ea28c84be5b1a72fab"}
,"/Users/kelvintan/Documents/Project/payslip/src/services/attendanceService.js": {"path":"/Users/kelvintan/Documents/Project/payslip/src/services/attendanceService.js","statementMap":{"0":{"start":{"line":8,"column":8},"end":{"line":39,"column":11}},"1":{"start":{"line":9,"column":31},"end":{"line":18,"column":13}},"2":{"start":{"line":20,"column":12},"end":{"line":22,"column":13}},"3":{"start":{"line":21,"column":16},"end":{"line":21,"column":69}},"4":{"start":{"line":23,"column":12},"end":{"line":31,"column":15}},"5":{"start":{"line":33,"column":12},"end":{"line":38,"column":14}},"6":{"start":{"line":43,"column":8},"end":{"line":96,"column":10}},"7":{"start":{"line":44,"column":28},"end":{"line":44,"column":42}},"8":{"start":{"line":45,"column":24},"end":{"line":45,"column":40}},"9":{"start":{"line":47,"column":12},"end":{"line":53,"column":13}},"10":{"start":{"line":48,"column":16},"end":{"line":52,"column":17}},"11":{"start":{"line":55,"column":42},"end":{"line":55,"column":127}},"12":{"start":{"line":56,"column":12},"end":{"line":62,"column":13}},"13":{"start":{"line":57,"column":16},"end":{"line":61,"column":17}},"14":{"start":{"line":64,"column":31},"end":{"line":73,"column":13}},"15":{"start":{"line":74,"column":12},"end":{"line":80,"column":13}},"16":{"start":{"line":75,"column":16},"end":{"line":79,"column":17}},"17":{"start":{"line":81,"column":12},"end":{"line":88,"column":15}},"18":{"start":{"line":90,"column":12},"end":{"line":95,"column":13}}},"fnMap":{"0":{"name":"(anonymous_0)","decl":{"start":{"line":6,"column":4},"end":{"line":6,"column":5}},"loc":{"start":{"line":6,"column":62},"end":{"line":40,"column":5}},"line":6},"1":{"name":"(anonymous_1)","decl":{"start":{"line":8,"column":36},"end":{"line":8,"column":37}},"loc":{"start":{"line":8,"column":50},"end":{"line":39,"column":9}},"line":8},"2":{"name":"(anonymous_2)","decl":{"start":{"line":42,"column":4},"end":{"line":42,"column":5}},"loc":{"start":{"line":42,"column":42},"end":{"line":97,"column":5}},"line":42},"3":{"name":"(anonymous_3)","decl":{"start":{"line":43,"column":36},"end":{"line":43,"column":37}},"loc":{"start":{"line":43,"column":50},"end":{"line":96,"column":9}},"line":43}},"branchMap":{"0":{"loc":{"start":{"line":20,"column":12},"end":{"line":22,"column":13}},"type":"if","locations":[{"start":{"line":20,"column":12},"end":{"line":22,"column":13}},{"start":{},"end":{}}],"line":20},"1":{"loc":{"start":{"line":47,"column":12},"end":{"line":53,"column":13}},"type":"if","locations":[{"start":{"line":47,"column":12},"end":{"line":53,"column":13}},{"start":{},"end":{}}],"line":47},"2":{"loc":{"start":{"line":47,"column":16},"end":{"line":47,"column":38}},"type":"binary-expr","locations":[{"start":{"line":47,"column":16},"end":{"line":47,"column":25}},{"start":{"line":47,"column":29},"end":{"line":47,"column":38}}],"line":47},"3":{"loc":{"start":{"line":56,"column":12},"end":{"line":62,"column":13}},"type":"if","locations":[{"start":{"line":56,"column":12},"end":{"line":62,"column":13}},{"start":{},"end":{}}],"line":56},"4":{"loc":{"start":{"line":74,"column":12},"end":{"line":80,"column":13}},"type":"if","locations":[{"start":{"line":74,"column":12},"end":{"line":80,"column":13}},{"start":{},"end":{}}],"line":74}},"s":{"0":2,"1":2,"2":2,"3":1,"4":1,"5":1,"6":4,"7":4,"8":4,"9":4,"10":1,"11":3,"12":3,"13":1,"14":2,"15":2,"16":1,"17":1,"18":1},"f":{"0":2,"1":2,"2":4,"3":4},"b":{"0":[1,1],"1":[1,3],"2":[4,3],"3":[1,2],"4":[1,1]},"inputSourceMap":null,"_coverageSchema":"1a1c01bbd47fc00a2c39e90264f33305004495a9","hash":"d2df7a70e9c2872c46f1e685d58d361ea5f05fe5"}
,"/Users/kelvintan/Documents/Project/payslip/src/services/authService.js": {"path":"/Users/kelvintan/Documents/Project/payslip/src/services/authService.js","statementMap":{"0":{"start":{"line":6,"column":22},"end":{"line":6,"column":71}},"1":{"start":{"line":7,"column":8},"end":{"line":13,"column":9}},"2":{"start":{"line":8,"column":12},"end":{"line":12,"column":13}},"3":{"start":{"line":14,"column":36},"end":{"line":14,"column":82}},"4":{"start":{"line":15,"column":8},"end":{"line":21,"column":9}},"5":{"start":{"line":16,"column":12},"end":{"line":20,"column":13}},"6":{"start":{"line":23,"column":8},"end":{"line":27,"column":9}},"7":{"start":{"line":31,"column":25},"end":{"line":31,"column":77}},"8":{"start":{"line":32,"column":8},"end":{"line":38,"column":9}},"9":{"start":{"line":33,"column":12},"end":{"line":37,"column":13}},"10":{"start":{"line":39,"column":36},"end":{"line":39,"column":85}},"11":{"start":{"line":40,"column":8},"end":{"line":46,"column":9}},"12":{"start":{"line":41,"column":12},"end":{"line":45,"column":13}},"13":{"start":{"line":47,"column":8},"end":{"line":51,"column":9}}},"fnMap":{"0":{"name":"(anonymous_0)","decl":{"start":{"line":5,"column":4},"end":{"line":5,"column":5}},"loc":{"start":{"line":5,"column":44},"end":{"line":28,"column":5}},"line":5},"1":{"name":"(anonymous_1)","decl":{"start":{"line":30,"column":4},"end":{"line":30,"column":5}},"loc":{"start":{"line":30,"column":47},"end":{"line":52,"column":5}},"line":30}},"branchMap":{"0":{"loc":{"start":{"line":7,"column":8},"end":{"line":13,"column":9}},"type":"if","locations":[{"start":{"line":7,"column":8},"end":{"line":13,"column":9}},{"start":{},"end":{}}],"line":7},"1":{"loc":{"start":{"line":15,"column":8},"end":{"line":21,"column":9}},"type":"if","locations":[{"start":{"line":15,"column":8},"end":{"line":21,"column":9}},{"start":{},"end":{}}],"line":15},"2":{"loc":{"start":{"line":32,"column":8},"end":{"line":38,"column":9}},"type":"if","locations":[{"start":{"line":32,"column":8},"end":{"line":38,"column":9}},{"start":{},"end":{}}],"line":32},"3":{"loc":{"start":{"line":40,"column":8},"end":{"line":46,"column":9}},"type":"if","locations":[{"start":{"line":40,"column":8},"end":{"line":46,"column":9}},{"start":{},"end":{}}],"line":40}},"s":{"0":3,"1":3,"2":1,"3":2,"4":2,"5":1,"6":1,"7":3,"8":3,"9":1,"10":2,"11":2,"12":1,"13":1},"f":{"0":3,"1":3},"b":{"0":[1,2],"1":[1,1],"2":[1,2],"3":[1,1]},"inputSourceMap":null,"_coverageSchema":"1a1c01bbd47fc00a2c39e90264f33305004495a9","hash":"9560677dbf28b7ee679437fc0b9c0c66dad7b347"}
,"/Users/kelvintan/Documents/Project/payslip/src/services/overtimeService.js": {"path":"/Users/kelvintan/Documents/Project/payslip/src/services/overtimeService.js","statementMap":{"0":{"start":{"line":7,"column":4},"end":{"line":48,"column":7}},"1":{"start":{"line":10,"column":8},"end":{"line":14,"column":9}},"2":{"start":{"line":15,"column":6},"end":{"line":21,"column":7}},"3":{"start":{"line":16,"column":8},"end":{"line":20,"column":10}},"4":{"start":{"line":22,"column":23},"end":{"line":32,"column":7}},"5":{"start":{"line":33,"column":6},"end":{"line":41,"column":9}},"6":{"start":{"line":42,"column":6},"end":{"line":47,"column":8}}},"fnMap":{"0":{"name":"(anonymous_0)","decl":{"start":{"line":6,"column":2},"end":{"line":6,"column":3}},"loc":{"start":{"line":6,"column":51},"end":{"line":49,"column":3}},"line":6},"1":{"name":"(anonymous_1)","decl":{"start":{"line":7,"column":32},"end":{"line":7,"column":33}},"loc":{"start":{"line":7,"column":46},"end":{"line":48,"column":5}},"line":7}},"branchMap":{"0":{"loc":{"start":{"line":15,"column":6},"end":{"line":21,"column":7}},"type":"if","locations":[{"start":{"line":15,"column":6},"end":{"line":21,"column":7}},{"start":{},"end":{}}],"line":15}},"s":{"0":2,"1":2,"2":2,"3":1,"4":1,"5":1,"6":1},"f":{"0":2,"1":2},"b":{"0":[1,1]},"inputSourceMap":null,"_coverageSchema":"1a1c01bbd47fc00a2c39e90264f33305004495a9","hash":"8f0aede5f723602018a6ebb2e56dba20f81f40d0"}
,"/Users/kelvintan/Documents/Project/payslip/src/services/payrollService.js": {"path":"/Users/kelvintan/Documents/Project/payslip/src/services/payrollService.js","statementMap":{"0":{"start":{"line":8,"column":4},"end":{"line":163,"column":7}},"1":{"start":{"line":9,"column":21},"end":{"line":12,"column":7}},"2":{"start":{"line":14,"column":6},"end":{"line":20,"column":7}},"3":{"start":{"line":15,"column":8},"end":{"line":19,"column":10}},"4":{"start":{"line":22,"column":6},"end":{"line":28,"column":7}},"5":{"start":{"line":23,"column":8},"end":{"line":27,"column":10}},"6":{"start":{"line":30,"column":24},"end":{"line":30,"column":70}},"7":{"start":{"line":31,"column":6},"end":{"line":37,"column":7}},"8":{"start":{"line":32,"column":8},"end":{"line":36,"column":10}},"9":{"start":{"line":38,"column":26},"end":{"line":42,"column":7}},"10":{"start":{"line":43,"column":24},"end":{"line":47,"column":7}},"11":{"start":{"line":48,"column":29},"end":{"line":52,"column":7}},"12":{"start":{"line":54,"column":22},"end":{"line":63,"column":7}},"13":{"start":{"line":64,"column":6},"end":{"line":70,"column":7}},"14":{"start":{"line":65,"column":8},"end":{"line":69,"column":10}},"15":{"start":{"line":71,"column":6},"end":{"line":78,"column":9}},"16":{"start":{"line":80,"column":8},"end":{"line":131,"column":9}},"17":{"start":{"line":81,"column":35},"end":{"line":83,"column":20}},"18":{"start":{"line":82,"column":28},"end":{"line":82,"column":65}},"19":{"start":{"line":84,"column":32},"end":{"line":90,"column":13}},"20":{"start":{"line":85,"column":34},"end":{"line":85,"column":69}},"21":{"start":{"line":88,"column":16},"end":{"line":88,"column":70}},"22":{"start":{"line":91,"column":39},"end":{"line":93,"column":74}},"23":{"start":{"line":92,"column":39},"end":{"line":92,"column":79}},"24":{"start":{"line":93,"column":44},"end":{"line":93,"column":70}},"25":{"start":{"line":95,"column":31},"end":{"line":95,"column":46}},"26":{"start":{"line":96,"column":34},"end":{"line":96,"column":47}},"27":{"start":{"line":97,"column":27},"end":{"line":97,"column":56}},"28":{"start":{"line":98,"column":32},"end":{"line":98,"column":73}},"29":{"start":{"line":100,"column":27},"end":{"line":114,"column":13}},"30":{"start":{"line":116,"column":12},"end":{"line":122,"column":13}},"31":{"start":{"line":117,"column":12},"end":{"line":121,"column":14}},"32":{"start":{"line":123,"column":12},"end":{"line":130,"column":15}},"33":{"start":{"line":132,"column":37},"end":{"line":135,"column":13}},"34":{"start":{"line":136,"column":12},"end":{"line":142,"column":13}},"35":{"start":{"line":137,"column":12},"end":{"line":141,"column":14}},"36":{"start":{"line":143,"column":12},"end":{"line":153,"column":15}},"37":{"start":{"line":155,"column":8},"end":{"line":162,"column":14}}},"fnMap":{"0":{"name":"(anonymous_0)","decl":{"start":{"line":7,"column":2},"end":{"line":7,"column":3}},"loc":{"start":{"line":7,"column":48},"end":{"line":164,"column":3}},"line":7},"1":{"name":"(anonymous_1)","decl":{"start":{"line":8,"column":32},"end":{"line":8,"column":33}},"loc":{"start":{"line":8,"column":46},"end":{"line":163,"column":5}},"line":8},"2":{"name":"(anonymous_2)","decl":{"start":{"line":82,"column":12},"end":{"line":82,"column":13}},"loc":{"start":{"line":82,"column":28},"end":{"line":82,"column":65}},"line":82},"3":{"name":"(anonymous_3)","decl":{"start":{"line":85,"column":20},"end":{"line":85,"column":21}},"loc":{"start":{"line":85,"column":34},"end":{"line":85,"column":69}},"line":85},"4":{"name":"(anonymous_4)","decl":{"start":{"line":87,"column":16},"end":{"line":87,"column":17}},"loc":{"start":{"line":88,"column":16},"end":{"line":88,"column":70}},"line":88},"5":{"name":"(anonymous_5)","decl":{"start":{"line":92,"column":20},"end":{"line":92,"column":21}},"loc":{"start":{"line":92,"column":39},"end":{"line":92,"column":79}},"line":92},"6":{"name":"(anonymous_6)","decl":{"start":{"line":93,"column":20},"end":{"line":93,"column":21}},"loc":{"start":{"line":93,"column":44},"end":{"line":93,"column":70}},"line":93}},"branchMap":{"0":{"loc":{"start":{"line":14,"column":6},"end":{"line":20,"column":7}},"type":"if","locations":[{"start":{"line":14,"column":6},"end":{"line":20,"column":7}},{"start":{},"end":{}}],"line":14},"1":{"loc":{"start":{"line":22,"column":6},"end":{"line":28,"column":7}},"type":"if","locations":[{"start":{"line":22,"column":6},"end":{"line":28,"column":7}},{"start":{},"end":{}}],"line":22},"2":{"loc":{"start":{"line":31,"column":6},"end":{"line":37,"column":7}},"type":"if","locations":[{"start":{"line":31,"column":6},"end":{"line":37,"column":7}},{"start":{},"end":{}}],"line":31},"3":{"loc":{"start":{"line":64,"column":6},"end":{"line":70,"column":7}},"type":"if","locations":[{"start":{"line":64,"column":6},"end":{"line":70,"column":7}},{"start":{},"end":{}}],"line":64},"4":{"loc":{"start":{"line":116,"column":12},"end":{"line":122,"column":13}},"type":"if","locations":[{"start":{"line":116,"column":12},"end":{"line":122,"column":13}},{"start":{},"end":{}}],"line":116},"5":{"loc":{"start":{"line":136,"column":12},"end":{"line":142,"column":13}},"type":"if","locations":[{"start":{"line":136,"column":12},"end":{"line":142,"column":13}},{"start":{},"end":{}}],"line":136}},"s":{"0":7,"1":7,"2":7,"3":1,"4":6,"5":1,"6":5,"7":5,"8":1,"9":4,"10":4,"11":4,"12":4,"13":4,"14":1,"15":3,"16":3,"17":3,"18":6,"19":3,"20":3,"21":3,"22":3,"23":3,"24":3,"25":3,"26":3,"27":3,"28":3,"29":3,"30":3,"31":1,"32":2,"33":2,"34":2,"35":1,"36":1,"37":1},"f":{"0":7,"1":7,"2":6,"3":3,"4":3,"5":3,"6":3},"b":{"0":[1,6],"1":[1,5],"2":[1,4],"3":[1,3],"4":[1,2],"5":[1,1]},"inputSourceMap":null,"_coverageSchema":"1a1c01bbd47fc00a2c39e90264f33305004495a9","hash":"5c478b25e5abf04ae921a447f09f67f0b1a3a88a"}
,"/Users/kelvintan/Documents/Project/payslip/src/services/payslipService.js": {"path":"/Users/kelvintan/Documents/Project/payslip/src/services/payslipService.js","statementMap":{"0":{"start":{"line":6,"column":8},"end":{"line":106,"column":11}},"1":{"start":{"line":7,"column":29},"end":{"line":7,"column":84}},"2":{"start":{"line":8,"column":12},"end":{"line":14,"column":13}},"3":{"start":{"line":9,"column":16},"end":{"line":13,"column":18}},"4":{"start":{"line":16,"column":28},"end":{"line":16,"column":81}},"5":{"start":{"line":17,"column":12},"end":{"line":23,"column":13}},"6":{"start":{"line":18,"column":16},"end":{"line":22,"column":18}},"7":{"start":{"line":25,"column":37},"end":{"line":28,"column":13}},"8":{"start":{"line":30,"column":12},"end":{"line":36,"column":13}},"9":{"start":{"line":31,"column":16},"end":{"line":35,"column":18}},"10":{"start":{"line":38,"column":12},"end":{"line":44,"column":13}},"11":{"start":{"line":39,"column":16},"end":{"line":43,"column":18}},"12":{"start":{"line":46,"column":28},"end":{"line":50,"column":13}},"13":{"start":{"line":52,"column":12},"end":{"line":58,"column":13}},"14":{"start":{"line":53,"column":16},"end":{"line":57,"column":18}},"15":{"start":{"line":60,"column":31},"end":{"line":60,"column":46}},"16":{"start":{"line":61,"column":33},"end":{"line":61,"column":48}},"17":{"start":{"line":62,"column":34},"end":{"line":62,"column":71}},"18":{"start":{"line":64,"column":34},"end":{"line":69,"column":13}},"19":{"start":{"line":71,"column":29},"end":{"line":76,"column":13}},"20":{"start":{"line":78,"column":12},"end":{"line":105,"column":14}},"21":{"start":{"line":89,"column":55},"end":{"line":93,"column":21}},"22":{"start":{"line":96,"column":65},"end":{"line":101,"column":21}},"23":{"start":{"line":110,"column":8},"end":{"line":138,"column":10}},"24":{"start":{"line":111,"column":29},"end":{"line":111,"column":89}},"25":{"start":{"line":112,"column":12},"end":{"line":118,"column":13}},"26":{"start":{"line":113,"column":16},"end":{"line":117,"column":18}},"27":{"start":{"line":120,"column":36},"end":{"line":124,"column":15}},"28":{"start":{"line":120,"column":63},"end":{"line":124,"column":13}},"29":{"start":{"line":126,"column":37},"end":{"line":126,"column":111}},"30":{"start":{"line":126,"column":80},"end":{"line":126,"column":107}},"31":{"start":{"line":128,"column":12},"end":{"line":137,"column":14}}},"fnMap":{"0":{"name":"(anonymous_0)","decl":{"start":{"line":5,"column":4},"end":{"line":5,"column":5}},"loc":{"start":{"line":5,"column":49},"end":{"line":107,"column":5}},"line":5},"1":{"name":"(anonymous_1)","decl":{"start":{"line":6,"column":36},"end":{"line":6,"column":37}},"loc":{"start":{"line":6,"column":50},"end":{"line":106,"column":9}},"line":6},"2":{"name":"(anonymous_2)","decl":{"start":{"line":89,"column":47},"end":{"line":89,"column":48}},"loc":{"start":{"line":89,"column":55},"end":{"line":93,"column":21}},"line":89},"3":{"name":"(anonymous_3)","decl":{"start":{"line":96,"column":57},"end":{"line":96,"column":58}},"loc":{"start":{"line":96,"column":65},"end":{"line":101,"column":21}},"line":96},"4":{"name":"(anonymous_4)","decl":{"start":{"line":109,"column":4},"end":{"line":109,"column":5}},"loc":{"start":{"line":109,"column":44},"end":{"line":139,"column":5}},"line":109},"5":{"name":"(anonymous_5)","decl":{"start":{"line":110,"column":36},"end":{"line":110,"column":37}},"loc":{"start":{"line":110,"column":50},"end":{"line":138,"column":9}},"line":110},"6":{"name":"(anonymous_6)","decl":{"start":{"line":120,"column":49},"end":{"line":120,"column":50}},"loc":{"start":{"line":120,"column":63},"end":{"line":124,"column":13}},"line":120},"7":{"name":"(anonymous_7)","decl":{"start":{"line":126,"column":60},"end":{"line":126,"column":61}},"loc":{"start":{"line":126,"column":80},"end":{"line":126,"column":107}},"line":126}},"branchMap":{"0":{"loc":{"start":{"line":8,"column":12},"end":{"line":14,"column":13}},"type":"if","locations":[{"start":{"line":8,"column":12},"end":{"line":14,"column":13}},{"start":{},"end":{}}],"line":8},"1":{"loc":{"start":{"line":17,"column":12},"end":{"line":23,"column":13}},"type":"if","locations":[{"start":{"line":17,"column":12},"end":{"line":23,"column":13}},{"start":{},"end":{}}],"line":17},"2":{"loc":{"start":{"line":30,"column":12},"end":{"line":36,"column":13}},"type":"if","locations":[{"start":{"line":30,"column":12},"end":{"line":36,"column":13}},{"start":{},"end":{}}],"line":30},"3":{"loc":{"start":{"line":38,"column":12},"end":{"line":44,"column":13}},"type":"if","locations":[{"start":{"line":38,"column":12},"end":{"line":44,"column":13}},{"start":{},"end":{}}],"line":38},"4":{"loc":{"start":{"line":52,"column":12},"end":{"line":58,"column":13}},"type":"if","locations":[{"start":{"line":52,"column":12},"end":{"line":58,"column":13}},{"start":{},"end":{}}],"line":52},"5":{"loc":{"start":{"line":112,"column":12},"end":{"line":118,"column":13}},"type":"if","locations":[{"start":{"line":112,"column":12},"end":{"line":118,"column":13}},{"start":{},"end":{}}],"line":112}},"s":{"0":6,"1":6,"2":6,"3":1,"4":5,"5":5,"6":1,"7":4,"8":4,"9":1,"10":3,"11":1,"12":2,"13":2,"14":1,"15":1,"16":1,"17":1,"18":1,"19":1,"20":1,"21":2,"22":2,"23":2,"24":2,"25":2,"26":1,"27":1,"28":1,"29":1,"30":1,"31":1},"f":{"0":6,"1":6,"2":2,"3":2,"4":2,"5":2,"6":1,"7":1},"b":{"0":[1,5],"1":[1,4],"2":[1,3],"3":[1,2],"4":[1,1],"5":[1,1]},"inputSourceMap":null,"_coverageSchema":"1a1c01bbd47fc00a2c39e90264f33305004495a9","hash":"200340d9a21f54219690d2ed523571ccb1978587"}
,"/Users/kelvintan/Documents/Project/payslip/src/services/reimburseService.js": {"path":"/Users/kelvintan/Documents/Project/payslip/src/services/reimburseService.js","statementMap":{"0":{"start":{"line":7,"column":4},"end":{"line":46,"column":7}},"1":{"start":{"line":8,"column":24},"end":{"line":19,"column":7}},"2":{"start":{"line":21,"column":6},"end":{"line":27,"column":7}},"3":{"start":{"line":22,"column":8},"end":{"line":26,"column":10}},"4":{"start":{"line":29,"column":6},"end":{"line":38,"column":9}},"5":{"start":{"line":40,"column":6},"end":{"line":45,"column":8}}},"fnMap":{"0":{"name":"(anonymous_0)","decl":{"start":{"line":6,"column":2},"end":{"line":6,"column":3}},"loc":{"start":{"line":6,"column":62},"end":{"line":47,"column":3}},"line":6},"1":{"name":"(anonymous_1)","decl":{"start":{"line":7,"column":32},"end":{"line":7,"column":33}},"loc":{"start":{"line":7,"column":46},"end":{"line":46,"column":5}},"line":7}},"branchMap":{"0":{"loc":{"start":{"line":21,"column":6},"end":{"line":27,"column":7}},"type":"if","locations":[{"start":{"line":21,"column":6},"end":{"line":27,"column":7}},{"start":{},"end":{}}],"line":21}},"s":{"0":2,"1":2,"2":2,"3":1,"4":1,"5":1},"f":{"0":2,"1":2},"b":{"0":[1,1]},"inputSourceMap":null,"_coverageSchema":"1a1c01bbd47fc00a2c39e90264f33305004495a9","hash":"88bcd9bc415a3ab6ff49b7cfd4bdcf8b7939ac16"}
,"/Users/kelvintan/Documents/Project/payslip/utils/prisma.js": {"path":"/Users/kelvintan/Documents/Project/payslip/utils/prisma.js","statementMap":{"0":{"start":{"line":3,"column":15},"end":{"line":3,"column":33}}},"fnMap":{},"branchMap":{},"s":{"0":13},"f":{},"b":{},"inputSourceMap":null,"_coverageSchema":"1a1c01bbd47fc00a2c39e90264f33305004495a9","hash":"bd15156f3ca0938e2f2566946529b93a843167a9"}
,"/Users/kelvintan/Documents/Project/payslip/utils/runTransaction.js": {"path":"/Users/kelvintan/Documents/Project/payslip/utils/runTransaction.js","statementMap":{"0":{"start":{"line":4,"column":4},"end":{"line":6,"column":7}},"1":{"start":{"line":5,"column":8},"end":{"line":5,"column":28}}},"fnMap":{"0":{"name":"runTransaction","decl":{"start":{"line":3,"column":22},"end":{"line":3,"column":36}},"loc":{"start":{"line":3,"column":41},"end":{"line":7,"column":1}},"line":3},"1":{"name":"(anonymous_1)","decl":{"start":{"line":4,"column":37},"end":{"line":4,"column":38}},"loc":{"start":{"line":4,"column":51},"end":{"line":6,"column":5}},"line":4}},"branchMap":{},"s":{"0":25,"1":25},"f":{"0":25,"1":25},"b":{},"inputSourceMap":null,"_coverageSchema":"1a1c01bbd47fc00a2c39e90264f33305004495a9","hash":"08e6ce1e40cbf8df1432ba350b270c1d49a9d86d"}
}
