TN:
SF:src/controllers/attendanceController.js
FN:4,(anonymous_0)
FN:36,(anonymous_1)
FNF:2
FNH:2
FNDA:4,(anonymous_0)
FNDA:3,(anonymous_1)
DA:5,4
DA:6,4
DA:7,4
DA:8,4
DA:9,4
DA:10,4
DA:12,4
DA:14,4
DA:15,1
DA:19,3
DA:20,1
DA:25,2
DA:30,1
DA:32,1
DA:37,3
DA:38,3
DA:39,3
DA:40,3
DA:41,3
DA:42,3
DA:44,3
DA:45,1
DA:48,2
DA:53,1
DA:55,1
LF:25
LH:25
BRDA:14,0,0,1
BRDA:14,0,1,3
BRDA:14,1,0,4
BRDA:14,1,1,3
BRDA:19,2,0,1
BRDA:19,2,1,2
BRDA:44,3,0,1
BRDA:44,3,1,2
BRF:8
BRH:8
end_of_record
TN:
SF:src/controllers/authController.js
FN:5,(anonymous_0)
FN:30,(anonymous_1)
FNF:2
FNH:2
FNDA:2,(anonymous_0)
FNDA:2,(anonymous_1)
DA:6,2
DA:7,2
DA:8,2
DA:9,1
DA:11,1
DA:20,1
DA:31,2
DA:32,2
DA:33,2
DA:34,1
DA:36,1
DA:45,1
LF:12
LH:12
BRDA:8,0,0,1
BRDA:8,0,1,1
BRDA:33,1,0,1
BRDA:33,1,1,1
BRF:4
BRH:4
end_of_record
TN:
SF:src/controllers/overtimeController.js
FN:4,(anonymous_0)
FNF:1
FNH:1
FNDA:7,(anonymous_0)
DA:5,7
DA:6,7
DA:7,7
DA:8,7
DA:9,7
DA:11,7
DA:13,7
DA:14,7
DA:15,7
DA:17,7
DA:18,7
DA:19,7
DA:22,7
DA:28,7
DA:29,1
DA:37,6
DA:41,6
DA:42,1
DA:43,1
DA:44,1
DA:53,5
DA:54,1
DA:61,4
DA:62,1
DA:69,3
DA:74,2
DA:76,1
LF:27
LH:27
BRDA:22,0,0,7
BRDA:22,0,1,7
BRDA:22,0,2,7
BRDA:22,0,3,7
BRDA:22,0,4,7
BRDA:22,0,5,7
BRDA:28,1,0,1
BRDA:28,1,1,6
BRDA:37,2,0,6
BRDA:37,2,1,6
BRDA:37,2,2,6
BRDA:41,3,0,1
BRDA:41,3,1,5
BRDA:43,4,0,1
BRDA:43,4,1,0
BRDA:53,5,0,1
BRDA:53,5,1,4
BRDA:61,6,0,1
BRDA:61,6,1,3
BRF:19
BRH:18
end_of_record
TN:
SF:src/controllers/payrollController.js
FN:4,(anonymous_0)
FNF:1
FNH:1
FNDA:3,(anonymous_0)
DA:5,3
DA:6,3
DA:7,3
DA:8,3
DA:9,1
DA:16,2
DA:17,1
DA:20,1
LF:8
LH:8
BRDA:8,0,0,1
BRDA:8,0,1,2
BRF:2
BRH:2
end_of_record
TN:
SF:src/controllers/payslipController.js
FN:4,(anonymous_0)
FN:18,(anonymous_1)
FNF:2
FNH:2
FNDA:2,(anonymous_0)
FNDA:2,(anonymous_1)
DA:5,2
DA:6,2
DA:7,2
DA:8,1
DA:14,1
DA:15,1
DA:19,2
DA:20,2
DA:21,1
DA:27,1
DA:28,1
LF:11
LH:11
BRDA:7,0,0,1
BRDA:7,0,1,1
BRDA:20,1,0,1
BRDA:20,1,1,1
BRF:4
BRH:4
end_of_record
TN:
SF:src/controllers/reimburseController.js
FN:4,(anonymous_0)
FNF:1
FNH:1
FNDA:3,(anonymous_0)
DA:5,3
DA:6,3
DA:7,3
DA:8,3
DA:10,3
DA:11,1
DA:17,2
DA:23,1
DA:25,1
LF:9
LH:9
BRDA:10,0,0,1
BRDA:10,0,1,2
BRDA:10,1,0,3
BRDA:10,1,1,2
BRDA:10,1,2,2
BRF:5
BRH:5
end_of_record
TN:
SF:src/repositories/attendanceRepository.js
FN:2,(anonymous_0)
FN:9,(anonymous_1)
FN:16,(anonymous_2)
FNF:3
FNH:3
FNDA:1,(anonymous_0)
FNDA:1,(anonymous_1)
FNDA:1,(anonymous_2)
DA:3,1
DA:6,1
DA:10,1
DA:13,1
DA:17,1
DA:23,1
LF:6
LH:6
BRF:0
BRH:0
end_of_record
TN:
SF:src/repositories/auditLogRepository.js
FN:2,(anonymous_0)
FN:17,(anonymous_1)
FNF:2
FNH:2
FNDA:1,(anonymous_0)
FNDA:1,(anonymous_1)
DA:3,1
DA:18,1
LF:2
LH:2
BRF:0
BRH:0
end_of_record
TN:
SF:src/repositories/authRepository.js
FN:4,(anonymous_0)
FN:13,(anonymous_1)
FNF:2
FNH:2
FNDA:2,(anonymous_0)
FNDA:2,(anonymous_1)
DA:5,2
DA:10,2
DA:14,2
DA:19,2
LF:4
LH:4
BRF:0
BRH:0
end_of_record
TN:
SF:src/repositories/overtimeRepository.js
FN:2,(anonymous_0)
FN:12,(anonymous_1)
FNF:2
FNH:2
FNDA:2,(anonymous_0)
FNDA:1,(anonymous_1)
DA:3,2
DA:9,2
DA:13,1
DA:16,1
LF:4
LH:4
BRF:0
BRH:0
end_of_record
TN:
SF:src/repositories/payrollRepository.js
FN:2,(anonymous_0)
FN:14,(anonymous_1)
FN:23,(anonymous_2)
FN:32,(anonymous_3)
FN:44,(anonymous_4)
FN:56,(anonymous_5)
FN:68,(anonymous_6)
FNF:7
FNH:7
FNDA:1,(anonymous_0)
FNDA:1,(anonymous_1)
FNDA:1,(anonymous_2)
FNDA:1,(anonymous_3)
FNDA:1,(anonymous_4)
FNDA:1,(anonymous_5)
FNDA:1,(anonymous_6)
DA:3,1
DA:11,1
DA:15,1
DA:20,1
DA:24,1
DA:29,1
DA:33,1
DA:41,1
DA:45,1
DA:53,1
DA:57,1
DA:65,1
DA:69,1
DA:72,1
LF:14
LH:14
BRF:0
BRH:0
end_of_record
TN:
SF:src/repositories/payslipRepository.js
FN:2,(anonymous_0)
FN:9,(anonymous_1)
FN:18,(anonymous_2)
FN:28,(anonymous_3)
FN:37,(anonymous_4)
FN:47,(anonymous_5)
FN:60,(anonymous_6)
FN:72,(anonymous_7)
FNF:8
FNH:8
FNDA:1,(anonymous_0)
FNDA:1,(anonymous_1)
FNDA:1,(anonymous_2)
FNDA:1,(anonymous_3)
FNDA:1,(anonymous_4)
FNDA:1,(anonymous_5)
FNDA:1,(anonymous_6)
FNDA:1,(anonymous_7)
DA:3,1
DA:6,1
DA:10,1
DA:15,1
DA:19,1
DA:25,1
DA:29,1
DA:34,1
DA:38,1
DA:44,1
DA:48,1
DA:57,1
DA:61,1
DA:69,1
DA:73,1
DA:82,1
LF:16
LH:16
BRF:0
BRH:0
end_of_record
TN:
SF:src/repositories/reimburseRepository.js
FN:2,(anonymous_0)
FNF:1
FNH:1
FNDA:1,(anonymous_0)
DA:3,1
DA:6,1
LF:2
LH:2
BRF:0
BRH:0
end_of_record
TN:
SF:src/services/attendanceService.js
FN:6,(anonymous_0)
FN:8,(anonymous_1)
FN:42,(anonymous_2)
FN:43,(anonymous_3)
FNF:4
FNH:4
FNDA:2,(anonymous_0)
FNDA:2,(anonymous_1)
FNDA:4,(anonymous_2)
FNDA:4,(anonymous_3)
DA:8,2
DA:9,2
DA:20,2
DA:21,1
DA:23,1
DA:33,1
DA:43,4
DA:44,4
DA:45,4
DA:47,4
DA:48,1
DA:55,3
DA:56,3
DA:57,1
DA:64,2
DA:74,2
DA:75,1
DA:81,1
DA:90,1
LF:19
LH:19
BRDA:20,0,0,1
BRDA:20,0,1,1
BRDA:47,1,0,1
BRDA:47,1,1,3
BRDA:47,2,0,4
BRDA:47,2,1,3
BRDA:56,3,0,1
BRDA:56,3,1,2
BRDA:74,4,0,1
BRDA:74,4,1,1
BRF:10
BRH:10
end_of_record
TN:
SF:src/services/authService.js
FN:5,(anonymous_0)
FN:30,(anonymous_1)
FNF:2
FNH:2
FNDA:3,(anonymous_0)
FNDA:3,(anonymous_1)
DA:6,3
DA:7,3
DA:8,1
DA:14,2
DA:15,2
DA:16,1
DA:23,1
DA:31,3
DA:32,3
DA:33,1
DA:39,2
DA:40,2
DA:41,1
DA:47,1
LF:14
LH:14
BRDA:7,0,0,1
BRDA:7,0,1,2
BRDA:15,1,0,1
BRDA:15,1,1,1
BRDA:32,2,0,1
BRDA:32,2,1,2
BRDA:40,3,0,1
BRDA:40,3,1,1
BRF:8
BRH:8
end_of_record
TN:
SF:src/services/overtimeService.js
FN:6,(anonymous_0)
FN:7,(anonymous_1)
FNF:2
FNH:2
FNDA:2,(anonymous_0)
FNDA:2,(anonymous_1)
DA:7,2
DA:10,2
DA:15,2
DA:16,1
DA:22,1
DA:33,1
DA:42,1
LF:7
LH:7
BRDA:15,0,0,1
BRDA:15,0,1,1
BRF:2
BRH:2
end_of_record
TN:
SF:src/services/payrollService.js
FN:7,(anonymous_0)
FN:8,(anonymous_1)
FN:82,(anonymous_2)
FN:85,(anonymous_3)
FN:87,(anonymous_4)
FN:92,(anonymous_5)
FN:93,(anonymous_6)
FNF:7
FNH:7
FNDA:7,(anonymous_0)
FNDA:7,(anonymous_1)
FNDA:6,(anonymous_2)
FNDA:3,(anonymous_3)
FNDA:3,(anonymous_4)
FNDA:3,(anonymous_5)
FNDA:3,(anonymous_6)
DA:8,7
DA:9,7
DA:14,7
DA:15,1
DA:22,6
DA:23,1
DA:30,5
DA:31,5
DA:32,1
DA:38,4
DA:43,4
DA:48,4
DA:54,4
DA:64,4
DA:65,1
DA:71,3
DA:80,3
DA:81,3
DA:82,6
DA:84,3
DA:85,3
DA:88,3
DA:91,3
DA:92,3
DA:93,3
DA:95,3
DA:96,3
DA:97,3
DA:98,3
DA:100,3
DA:116,3
DA:117,1
DA:123,2
DA:132,2
DA:136,2
DA:137,1
DA:143,1
DA:155,1
LF:38
LH:38
BRDA:14,0,0,1
BRDA:14,0,1,6
BRDA:22,1,0,1
BRDA:22,1,1,5
BRDA:31,2,0,1
BRDA:31,2,1,4
BRDA:64,3,0,1
BRDA:64,3,1,3
BRDA:116,4,0,1
BRDA:116,4,1,2
BRDA:136,5,0,1
BRDA:136,5,1,1
BRF:12
BRH:12
end_of_record
TN:
SF:src/services/payslipService.js
FN:5,(anonymous_0)
FN:6,(anonymous_1)
FN:89,(anonymous_2)
FN:96,(anonymous_3)
FN:109,(anonymous_4)
FN:110,(anonymous_5)
FN:120,(anonymous_6)
FN:126,(anonymous_7)
FNF:8
FNH:8
FNDA:6,(anonymous_0)
FNDA:6,(anonymous_1)
FNDA:2,(anonymous_2)
FNDA:2,(anonymous_3)
FNDA:2,(anonymous_4)
FNDA:2,(anonymous_5)
FNDA:1,(anonymous_6)
FNDA:1,(anonymous_7)
DA:6,6
DA:7,6
DA:8,6
DA:9,1
DA:16,5
DA:17,5
DA:18,1
DA:25,4
DA:30,4
DA:31,1
DA:38,3
DA:39,1
DA:46,2
DA:52,2
DA:53,1
DA:60,1
DA:61,1
DA:62,1
DA:64,1
DA:71,1
DA:78,1
DA:89,2
DA:96,2
DA:110,2
DA:111,2
DA:112,2
DA:113,1
DA:120,1
DA:126,1
DA:128,1
LF:30
LH:30
BRDA:8,0,0,1
BRDA:8,0,1,5
BRDA:17,1,0,1
BRDA:17,1,1,4
BRDA:30,2,0,1
BRDA:30,2,1,3
BRDA:38,3,0,1
BRDA:38,3,1,2
BRDA:52,4,0,1
BRDA:52,4,1,1
BRDA:112,5,0,1
BRDA:112,5,1,1
BRF:12
BRH:12
end_of_record
TN:
SF:src/services/reimburseService.js
FN:6,(anonymous_0)
FN:7,(anonymous_1)
FNF:2
FNH:2
FNDA:2,(anonymous_0)
FNDA:2,(anonymous_1)
DA:7,2
DA:8,2
DA:21,2
DA:22,1
DA:29,1
DA:40,1
LF:6
LH:6
BRDA:21,0,0,1
BRDA:21,0,1,1
BRF:2
BRH:2
end_of_record
TN:
SF:utils/prisma.js
FNF:0
FNH:0
DA:3,13
LF:1
LH:1
BRF:0
BRH:0
end_of_record
TN:
SF:utils/runTransaction.js
FN:3,runTransaction
FN:4,(anonymous_1)
FNF:2
FNH:2
FNDA:25,runTransaction
FNDA:25,(anonymous_1)
DA:4,25
DA:5,25
LF:2
LH:2
BRF:0
BRH:0
end_of_record
